[ 31-12-2014 10:57:00.688 ] [ localhost-startStop-1 ][ ERROR] [ContextLoader:331] - Context initialization failed
org.springframework.beans.factory.BeanCreationException: Error creating bean with name 'SCIMUserController': Injection of autowired dependencies failed; nested exception is org.springframework.beans.factory.BeanCreationException: Could not autowire field: private com.okta.scim.server.service.SCIMService com.okta.scim.server.controller.SCIMUserController.service; nested exception is org.springframework.beans.factory.BeanCreationException: Error creating bean with name 'service': Invocation of init method failed; nested exception is javax.naming.CommunicationException: ldap.kevinhehehehe.com:389 [Root exception is java.net.ConnectException: Connection timed out]
	at org.springframework.beans.factory.annotation.AutowiredAnnotationBeanPostProcessor.postProcessPropertyValues(AutowiredAnnotationBeanPostProcessor.java:289)
	at org.springframework.beans.factory.support.AbstractAutowireCapableBeanFactory.populateBean(AbstractAutowireCapableBeanFactory.java:1147)
	at org.springframework.beans.factory.support.AbstractAutowireCapableBeanFactory.doCreateBean(AbstractAutowireCapableBeanFactory.java:519)
	at org.springframework.beans.factory.support.AbstractAutowireCapableBeanFactory.createBean(AbstractAutowireCapableBeanFactory.java:458)
	at org.springframework.beans.factory.support.AbstractBeanFactory$1.getObject(AbstractBeanFactory.java:293)
	at org.springframework.beans.factory.support.DefaultSingletonBeanRegistry.getSingleton(DefaultSingletonBeanRegistry.java:223)
	at org.springframework.beans.factory.support.AbstractBeanFactory.doGetBean(AbstractBeanFactory.java:290)
	at org.springframework.beans.factory.support.AbstractBeanFactory.getBean(AbstractBeanFactory.java:191)
	at org.springframework.beans.factory.support.DefaultListableBeanFactory.preInstantiateSingletons(DefaultListableBeanFactory.java:633)
	at org.springframework.context.support.AbstractApplicationContext.finishBeanFactoryInitialization(AbstractApplicationContext.java:932)
	at org.springframework.context.support.AbstractApplicationContext.refresh(AbstractApplicationContext.java:479)
	at org.springframework.web.context.ContextLoader.configureAndRefreshWebApplicationContext(ContextLoader.java:410)
	at org.springframework.web.context.ContextLoader.initWebApplicationContext(ContextLoader.java:306)
	at org.springframework.web.context.ContextLoaderListener.contextInitialized(ContextLoaderListener.java:112)
	at org.apache.catalina.core.StandardContext.listenerStart(StandardContext.java:4994)
	at org.apache.catalina.core.StandardContext.startInternal(StandardContext.java:5492)
	at org.apache.catalina.util.LifecycleBase.start(LifecycleBase.java:150)
	at org.apache.catalina.core.ContainerBase.addChildInternal(ContainerBase.java:901)
	at org.apache.catalina.core.ContainerBase.addChild(ContainerBase.java:877)
	at org.apache.catalina.core.StandardHost.addChild(StandardHost.java:649)
	at org.apache.catalina.startup.HostConfig.deployWAR(HostConfig.java:1081)
	at org.apache.catalina.startup.HostConfig$DeployWar.run(HostConfig.java:1877)
	at java.util.concurrent.Executors$RunnableAdapter.call(Executors.java:471)
	at java.util.concurrent.FutureTask.run(FutureTask.java:262)
	at java.util.concurrent.ThreadPoolExecutor.runWorker(ThreadPoolExecutor.java:1145)
	at java.util.concurrent.ThreadPoolExecutor$Worker.run(ThreadPoolExecutor.java:615)
	at java.lang.Thread.run(Thread.java:745)
Caused by: org.springframework.beans.factory.BeanCreationException: Could not autowire field: private com.okta.scim.server.service.SCIMService com.okta.scim.server.controller.SCIMUserController.service; nested exception is org.springframework.beans.factory.BeanCreationException: Error creating bean with name 'service': Invocation of init method failed; nested exception is javax.naming.CommunicationException: ldap.kevinhehehehe.com:389 [Root exception is java.net.ConnectException: Connection timed out]
	at org.springframework.beans.factory.annotation.AutowiredAnnotationBeanPostProcessor$AutowiredFieldElement.inject(AutowiredAnnotationBeanPostProcessor.java:517)
	at org.springframework.beans.factory.annotation.InjectionMetadata.inject(InjectionMetadata.java:87)
	at org.springframework.beans.factory.annotation.AutowiredAnnotationBeanPostProcessor.postProcessPropertyValues(AutowiredAnnotationBeanPostProcessor.java:286)
	... 26 more
Caused by: org.springframework.beans.factory.BeanCreationException: Error creating bean with name 'service': Invocation of init method failed; nested exception is javax.naming.CommunicationException: ldap.kevinhehehehe.com:389 [Root exception is java.net.ConnectException: Connection timed out]
	at org.springframework.beans.factory.annotation.InitDestroyAnnotationBeanPostProcessor.postProcessBeforeInitialization(InitDestroyAnnotationBeanPostProcessor.java:133)
	at org.springframework.beans.factory.support.AbstractAutowireCapableBeanFactory.applyBeanPostProcessorsBeforeInitialization(AbstractAutowireCapableBeanFactory.java:396)
	at org.springframework.beans.factory.support.AbstractAutowireCapableBeanFactory.initializeBean(AbstractAutowireCapableBeanFactory.java:1506)
	at org.springframework.beans.factory.support.AbstractAutowireCapableBeanFactory.doCreateBean(AbstractAutowireCapableBeanFactory.java:521)
	at org.springframework.beans.factory.support.AbstractAutowireCapableBeanFactory.createBean(AbstractAutowireCapableBeanFactory.java:458)
	at org.springframework.beans.factory.support.AbstractBeanFactory$1.getObject(AbstractBeanFactory.java:293)
	at org.springframework.beans.factory.support.DefaultSingletonBeanRegistry.getSingleton(DefaultSingletonBeanRegistry.java:223)
	at org.springframework.beans.factory.support.AbstractBeanFactory.doGetBean(AbstractBeanFactory.java:290)
	at org.springframework.beans.factory.support.AbstractBeanFactory.getBean(AbstractBeanFactory.java:191)
	at org.springframework.beans.factory.support.DefaultListableBeanFactory.findAutowireCandidates(DefaultListableBeanFactory.java:917)
	at org.springframework.beans.factory.support.DefaultListableBeanFactory.doResolveDependency(DefaultListableBeanFactory.java:860)
	at org.springframework.beans.factory.support.DefaultListableBeanFactory.resolveDependency(DefaultListableBeanFactory.java:775)
	at org.springframework.beans.factory.annotation.AutowiredAnnotationBeanPostProcessor$AutowiredFieldElement.inject(AutowiredAnnotationBeanPostProcessor.java:489)
	... 28 more
Caused by: javax.naming.CommunicationException: ldap.kevinhehehehe.com:389 [Root exception is java.net.ConnectException: Connection timed out]
	at com.sun.jndi.ldap.Connection.<init>(Connection.java:226)
	at com.sun.jndi.ldap.LdapClient.<init>(LdapClient.java:136)
	at com.sun.jndi.ldap.LdapClient.getInstance(LdapClient.java:1608)
	at com.sun.jndi.ldap.LdapCtx.connect(LdapCtx.java:2698)
	at com.sun.jndi.ldap.LdapCtx.<init>(LdapCtx.java:316)
	at com.sun.jndi.ldap.LdapCtxFactory.getUsingURL(LdapCtxFactory.java:193)
	at com.sun.jndi.ldap.LdapCtxFactory.getUsingURLs(LdapCtxFactory.java:211)
	at com.sun.jndi.ldap.LdapCtxFactory.getLdapCtxInstance(LdapCtxFactory.java:154)
	at com.sun.jndi.ldap.LdapCtxFactory.getInitialContext(LdapCtxFactory.java:84)
	at javax.naming.spi.NamingManager.getInitialContext(NamingManager.java:684)
	at javax.naming.InitialContext.getDefaultInitCtx(InitialContext.java:307)
	at javax.naming.InitialContext.init(InitialContext.java:242)
	at javax.naming.ldap.InitialLdapContext.<init>(InitialLdapContext.java:153)
	at com.okta.scim.server.example.SCIMServiceImpl.afterCreation(SCIMServiceImpl.java:246)
	at sun.reflect.NativeMethodAccessorImpl.invoke0(Native Method)
	at sun.reflect.NativeMethodAccessorImpl.invoke(NativeMethodAccessorImpl.java:57)
	at sun.reflect.DelegatingMethodAccessorImpl.invoke(DelegatingMethodAccessorImpl.java:43)
	at java.lang.reflect.Method.invoke(Method.java:606)
	at org.springframework.beans.factory.annotation.InitDestroyAnnotationBeanPostProcessor$LifecycleElement.invoke(InitDestroyAnnotationBeanPostProcessor.java:344)
	at org.springframework.beans.factory.annotation.InitDestroyAnnotationBeanPostProcessor$LifecycleMetadata.invokeInitMethods(InitDestroyAnnotationBeanPostProcessor.java:295)
	at org.springframework.beans.factory.annotation.InitDestroyAnnotationBeanPostProcessor.postProcessBeforeInitialization(InitDestroyAnnotationBeanPostProcessor.java:130)
	... 40 more
Caused by: java.net.ConnectException: Connection timed out
	at java.net.PlainSocketImpl.socketConnect(Native Method)
	at java.net.AbstractPlainSocketImpl.doConnect(AbstractPlainSocketImpl.java:339)
	at java.net.AbstractPlainSocketImpl.connectToAddress(AbstractPlainSocketImpl.java:200)
	at java.net.AbstractPlainSocketImpl.connect(AbstractPlainSocketImpl.java:182)
	at java.net.SocksSocketImpl.connect(SocksSocketImpl.java:392)
	at java.net.Socket.connect(Socket.java:579)
	at java.net.Socket.connect(Socket.java:528)
	at java.net.Socket.<init>(Socket.java:425)
	at java.net.Socket.<init>(Socket.java:208)
	at com.sun.jndi.ldap.Connection.createSocket(Connection.java:368)
	at com.sun.jndi.ldap.Connection.<init>(Connection.java:203)
	... 60 more
[ 31-12-2014 11:00:15.954 ] [ localhost-startStop-1 ][  INFO] [SCIMServiceImpl:265] - John Doe
[ 31-12-2014 11:00:15.957 ] [ localhost-startStop-1 ][  INFO] [SCIMServiceImpl:265] - kesadsadsvin he
[ 31-12-2014 11:00:15.958 ] [ localhost-startStop-1 ][  INFO] [SCIMServiceImpl:265] - kevin he
[ 31-12-2014 11:00:15.959 ] [ localhost-startStop-1 ][  INFO] [SCIMServiceImpl:265] - Test Test2
[ 31-12-2014 11:00:15.960 ] [ localhost-startStop-1 ][  INFO] [SCIMServiceImpl:265] - kevin he
[ 31-12-2014 11:00:15.961 ] [ localhost-startStop-1 ][  INFO] [SCIMServiceImpl:265] - aaaaaaaaaaaaaaaa aaaaaaaaaaaaaaaaaa
[ 31-12-2014 11:00:17.826 ] [ localhost-startStop-1 ][  INFO] [SCIMServiceImpl:265] - John Doe
[ 31-12-2014 11:00:17.827 ] [ localhost-startStop-1 ][  INFO] [SCIMServiceImpl:265] - kesadsadsvin he
[ 31-12-2014 11:00:17.827 ] [ localhost-startStop-1 ][  INFO] [SCIMServiceImpl:265] - kevin he
[ 31-12-2014 11:00:17.828 ] [ localhost-startStop-1 ][  INFO] [SCIMServiceImpl:265] - Test Test2
[ 31-12-2014 11:00:17.829 ] [ localhost-startStop-1 ][  INFO] [SCIMServiceImpl:265] - kevin he
[ 31-12-2014 11:00:17.830 ] [ localhost-startStop-1 ][  INFO] [SCIMServiceImpl:265] - aaaaaaaaaaaaaaaa aaaaaaaaaaaaaaaaaa
[ 31-12-2014 11:01:44.457 ] [ localhost-startStop-1 ][ ERROR] [ContextLoader:331] - Context initialization failed
org.springframework.beans.factory.BeanCreationException: Error creating bean with name 'SCIMUserController': Injection of autowired dependencies failed; nested exception is org.springframework.beans.factory.BeanCreationException: Could not autowire field: private com.okta.scim.server.service.SCIMService com.okta.scim.server.controller.SCIMUserController.service; nested exception is org.springframework.beans.factory.BeanCreationException: Error creating bean with name 'service': Invocation of init method failed; nested exception is javax.naming.CommunicationException: ldap.kevinhehehehe.com:389 [Root exception is java.net.ConnectException: Connection timed out]
	at org.springframework.beans.factory.annotation.AutowiredAnnotationBeanPostProcessor.postProcessPropertyValues(AutowiredAnnotationBeanPostProcessor.java:289)
	at org.springframework.beans.factory.support.AbstractAutowireCapableBeanFactory.populateBean(AbstractAutowireCapableBeanFactory.java:1147)
	at org.springframework.beans.factory.support.AbstractAutowireCapableBeanFactory.doCreateBean(AbstractAutowireCapableBeanFactory.java:519)
	at org.springframework.beans.factory.support.AbstractAutowireCapableBeanFactory.createBean(AbstractAutowireCapableBeanFactory.java:458)
	at org.springframework.beans.factory.support.AbstractBeanFactory$1.getObject(AbstractBeanFactory.java:293)
	at org.springframework.beans.factory.support.DefaultSingletonBeanRegistry.getSingleton(DefaultSingletonBeanRegistry.java:223)
	at org.springframework.beans.factory.support.AbstractBeanFactory.doGetBean(AbstractBeanFactory.java:290)
	at org.springframework.beans.factory.support.AbstractBeanFactory.getBean(AbstractBeanFactory.java:191)
	at org.springframework.beans.factory.support.DefaultListableBeanFactory.preInstantiateSingletons(DefaultListableBeanFactory.java:633)
	at org.springframework.context.support.AbstractApplicationContext.finishBeanFactoryInitialization(AbstractApplicationContext.java:932)
	at org.springframework.context.support.AbstractApplicationContext.refresh(AbstractApplicationContext.java:479)
	at org.springframework.web.context.ContextLoader.configureAndRefreshWebApplicationContext(ContextLoader.java:410)
	at org.springframework.web.context.ContextLoader.initWebApplicationContext(ContextLoader.java:306)
	at org.springframework.web.context.ContextLoaderListener.contextInitialized(ContextLoaderListener.java:112)
	at org.apache.catalina.core.StandardContext.listenerStart(StandardContext.java:4994)
	at org.apache.catalina.core.StandardContext.startInternal(StandardContext.java:5492)
	at org.apache.catalina.util.LifecycleBase.start(LifecycleBase.java:150)
	at org.apache.catalina.core.ContainerBase.addChildInternal(ContainerBase.java:901)
	at org.apache.catalina.core.ContainerBase.addChild(ContainerBase.java:877)
	at org.apache.catalina.core.StandardHost.addChild(StandardHost.java:649)
	at org.apache.catalina.startup.HostConfig.deployWAR(HostConfig.java:1081)
	at org.apache.catalina.startup.HostConfig$DeployWar.run(HostConfig.java:1877)
	at java.util.concurrent.Executors$RunnableAdapter.call(Executors.java:471)
	at java.util.concurrent.FutureTask.run(FutureTask.java:262)
	at java.util.concurrent.ThreadPoolExecutor.runWorker(ThreadPoolExecutor.java:1145)
	at java.util.concurrent.ThreadPoolExecutor$Worker.run(ThreadPoolExecutor.java:615)
	at java.lang.Thread.run(Thread.java:745)
Caused by: org.springframework.beans.factory.BeanCreationException: Could not autowire field: private com.okta.scim.server.service.SCIMService com.okta.scim.server.controller.SCIMUserController.service; nested exception is org.springframework.beans.factory.BeanCreationException: Error creating bean with name 'service': Invocation of init method failed; nested exception is javax.naming.CommunicationException: ldap.kevinhehehehe.com:389 [Root exception is java.net.ConnectException: Connection timed out]
	at org.springframework.beans.factory.annotation.AutowiredAnnotationBeanPostProcessor$AutowiredFieldElement.inject(AutowiredAnnotationBeanPostProcessor.java:517)
	at org.springframework.beans.factory.annotation.InjectionMetadata.inject(InjectionMetadata.java:87)
	at org.springframework.beans.factory.annotation.AutowiredAnnotationBeanPostProcessor.postProcessPropertyValues(AutowiredAnnotationBeanPostProcessor.java:286)
	... 26 more
Caused by: org.springframework.beans.factory.BeanCreationException: Error creating bean with name 'service': Invocation of init method failed; nested exception is javax.naming.CommunicationException: ldap.kevinhehehehe.com:389 [Root exception is java.net.ConnectException: Connection timed out]
	at org.springframework.beans.factory.annotation.InitDestroyAnnotationBeanPostProcessor.postProcessBeforeInitialization(InitDestroyAnnotationBeanPostProcessor.java:133)
	at org.springframework.beans.factory.support.AbstractAutowireCapableBeanFactory.applyBeanPostProcessorsBeforeInitialization(AbstractAutowireCapableBeanFactory.java:396)
	at org.springframework.beans.factory.support.AbstractAutowireCapableBeanFactory.initializeBean(AbstractAutowireCapableBeanFactory.java:1506)
	at org.springframework.beans.factory.support.AbstractAutowireCapableBeanFactory.doCreateBean(AbstractAutowireCapableBeanFactory.java:521)
	at org.springframework.beans.factory.support.AbstractAutowireCapableBeanFactory.createBean(AbstractAutowireCapableBeanFactory.java:458)
	at org.springframework.beans.factory.support.AbstractBeanFactory$1.getObject(AbstractBeanFactory.java:293)
	at org.springframework.beans.factory.support.DefaultSingletonBeanRegistry.getSingleton(DefaultSingletonBeanRegistry.java:223)
	at org.springframework.beans.factory.support.AbstractBeanFactory.doGetBean(AbstractBeanFactory.java:290)
	at org.springframework.beans.factory.support.AbstractBeanFactory.getBean(AbstractBeanFactory.java:191)
	at org.springframework.beans.factory.support.DefaultListableBeanFactory.findAutowireCandidates(DefaultListableBeanFactory.java:917)
	at org.springframework.beans.factory.support.DefaultListableBeanFactory.doResolveDependency(DefaultListableBeanFactory.java:860)
	at org.springframework.beans.factory.support.DefaultListableBeanFactory.resolveDependency(DefaultListableBeanFactory.java:775)
	at org.springframework.beans.factory.annotation.AutowiredAnnotationBeanPostProcessor$AutowiredFieldElement.inject(AutowiredAnnotationBeanPostProcessor.java:489)
	... 28 more
Caused by: javax.naming.CommunicationException: ldap.kevinhehehehe.com:389 [Root exception is java.net.ConnectException: Connection timed out]
	at com.sun.jndi.ldap.Connection.<init>(Connection.java:226)
	at com.sun.jndi.ldap.LdapClient.<init>(LdapClient.java:136)
	at com.sun.jndi.ldap.LdapClient.getInstance(LdapClient.java:1608)
	at com.sun.jndi.ldap.LdapCtx.connect(LdapCtx.java:2698)
	at com.sun.jndi.ldap.LdapCtx.<init>(LdapCtx.java:316)
	at com.sun.jndi.ldap.LdapCtxFactory.getUsingURL(LdapCtxFactory.java:193)
	at com.sun.jndi.ldap.LdapCtxFactory.getUsingURLs(LdapCtxFactory.java:211)
	at com.sun.jndi.ldap.LdapCtxFactory.getLdapCtxInstance(LdapCtxFactory.java:154)
	at com.sun.jndi.ldap.LdapCtxFactory.getInitialContext(LdapCtxFactory.java:84)
	at javax.naming.spi.NamingManager.getInitialContext(NamingManager.java:684)
	at javax.naming.InitialContext.getDefaultInitCtx(InitialContext.java:307)
	at javax.naming.InitialContext.init(InitialContext.java:242)
	at javax.naming.ldap.InitialLdapContext.<init>(InitialLdapContext.java:153)
	at com.okta.scim.server.example.SCIMServiceImpl.afterCreation(SCIMServiceImpl.java:246)
	at sun.reflect.NativeMethodAccessorImpl.invoke0(Native Method)
	at sun.reflect.NativeMethodAccessorImpl.invoke(NativeMethodAccessorImpl.java:57)
	at sun.reflect.DelegatingMethodAccessorImpl.invoke(DelegatingMethodAccessorImpl.java:43)
	at java.lang.reflect.Method.invoke(Method.java:606)
	at org.springframework.beans.factory.annotation.InitDestroyAnnotationBeanPostProcessor$LifecycleElement.invoke(InitDestroyAnnotationBeanPostProcessor.java:344)
	at org.springframework.beans.factory.annotation.InitDestroyAnnotationBeanPostProcessor$LifecycleMetadata.invokeInitMethods(InitDestroyAnnotationBeanPostProcessor.java:295)
	at org.springframework.beans.factory.annotation.InitDestroyAnnotationBeanPostProcessor.postProcessBeforeInitialization(InitDestroyAnnotationBeanPostProcessor.java:130)
	... 40 more
Caused by: java.net.ConnectException: Connection timed out
	at java.net.PlainSocketImpl.socketConnect(Native Method)
	at java.net.AbstractPlainSocketImpl.doConnect(AbstractPlainSocketImpl.java:339)
	at java.net.AbstractPlainSocketImpl.connectToAddress(AbstractPlainSocketImpl.java:200)
	at java.net.AbstractPlainSocketImpl.connect(AbstractPlainSocketImpl.java:182)
	at java.net.SocksSocketImpl.connect(SocksSocketImpl.java:392)
	at java.net.Socket.connect(Socket.java:579)
	at java.net.Socket.connect(Socket.java:528)
	at java.net.Socket.<init>(Socket.java:425)
	at java.net.Socket.<init>(Socket.java:208)
	at com.sun.jndi.ldap.Connection.createSocket(Connection.java:368)
	at com.sun.jndi.ldap.Connection.<init>(Connection.java:203)
	... 60 more
